This is pdfTeX, Version 3.141592653-2.6-1.40.25 (TeX Live 2023) (preloaded format=pdflatex 2023.10.28)  17 APR 2024 17:28
entering extended mode
 restricted \write18 enabled.
 %&-line parsing enabled.
**Report.tex
(./Report.tex
LaTeX2e <2022-11-01> patch level 1
L3 programming layer <2023-02-22>
(/usr/local/texlive/2023/texmf-dist/tex/latex/base/article.cls
Document Class: article 2022/07/02 v1.4n Standard LaTeX document class
(/usr/local/texlive/2023/texmf-dist/tex/latex/base/size10.clo
File: size10.clo 2022/07/02 v1.4n Standard LaTeX file (size option)
)
\c@part=\count185
\c@section=\count186
\c@subsection=\count187
\c@subsubsection=\count188
\c@paragraph=\count189
\c@subparagraph=\count190
\c@figure=\count191
\c@table=\count192
\abovecaptionskip=\skip48
\belowcaptionskip=\skip49
\bibindent=\dimen140
)
(/usr/local/texlive/2023/texmf-dist/tex/latex/fancyhdr/fancyhdr.sty
Package: fancyhdr 2022/11/09 v4.1 Extensive control of page headers and footers

\f@nch@headwidth=\skip50
\f@nch@O@elh=\skip51
\f@nch@O@erh=\skip52
\f@nch@O@olh=\skip53
\f@nch@O@orh=\skip54
\f@nch@O@elf=\skip55
\f@nch@O@erf=\skip56
\f@nch@O@olf=\skip57
\f@nch@O@orf=\skip58
)
(/usr/local/texlive/2023/texmf-dist/tex/latex/pdflscape/pdflscape.sty
Package: pdflscape 2022-10-27 v0.13 Display of landscape pages in PDF

(/usr/local/texlive/2023/texmf-dist/tex/latex/pdflscape/pdflscape-nometadata.st
y
Package: pdflscape-nometadata 2022-10-28 v0.13 Display of landscape pages in PD
F (HO)
 (/usr/local/texlive/2023/texmf-dist/tex/generic/iftex/iftex.sty
Package: iftex 2022/02/03 v1.0f TeX engine tests
)
(/usr/local/texlive/2023/texmf-dist/tex/latex/graphics/lscape.sty
Package: lscape 2020/05/28 v3.02 Landscape Pages (DPC)

(/usr/local/texlive/2023/texmf-dist/tex/latex/graphics/graphics.sty
Package: graphics 2022/03/10 v1.4e Standard LaTeX Graphics (DPC,SPQR)

(/usr/local/texlive/2023/texmf-dist/tex/latex/graphics/trig.sty
Package: trig 2021/08/11 v1.11 sin cos tan (DPC)
)
(/usr/local/texlive/2023/texmf-dist/tex/latex/graphics-cfg/graphics.cfg
File: graphics.cfg 2016/06/04 v1.11 sample graphics configuration
)
Package graphics Info: Driver file: pdftex.def on input line 107.

(/usr/local/texlive/2023/texmf-dist/tex/latex/graphics-def/pdftex.def
File: pdftex.def 2022/09/22 v1.2b Graphics/color driver for pdftex
)))
Package pdflscape Info: Auto-detected driver: pdftex on input line 81.
))
(/usr/local/texlive/2023/texmf-dist/tex/latex/pdfpages/pdfpages.sty
Package: pdfpages 2022/12/19 v0.5x Insert pages of external PDF documents (AM)

(/usr/local/texlive/2023/texmf-dist/tex/latex/base/ifthen.sty
Package: ifthen 2022/04/13 v1.1d Standard LaTeX ifthen package (DPC)
)
(/usr/local/texlive/2023/texmf-dist/tex/latex/tools/calc.sty
Package: calc 2017/05/25 v4.3 Infix arithmetic (KKT,FJ)
\calc@Acount=\count193
\calc@Bcount=\count194
\calc@Adimen=\dimen141
\calc@Bdimen=\dimen142
\calc@Askip=\skip59
\calc@Bskip=\skip60
LaTeX Info: Redefining \setlength on input line 80.
LaTeX Info: Redefining \addtolength on input line 81.
\calc@Ccount=\count195
\calc@Cskip=\skip61
)
(/usr/local/texlive/2023/texmf-dist/tex/latex/eso-pic/eso-pic.sty
Package: eso-pic 2020/10/14 v3.0a eso-pic (RN)
\ESO@tempdima=\dimen143
\ESO@tempdimb=\dimen144

(/usr/local/texlive/2023/texmf-dist/tex/latex/graphics/keyval.sty
Package: keyval 2022/05/29 v1.15 key=value parser (DPC)
\KV@toks@=\toks16
)
(/usr/local/texlive/2023/texmf-dist/tex/latex/xcolor/xcolor.sty
Package: xcolor 2022/06/12 v2.14 LaTeX color extensions (UK)

(/usr/local/texlive/2023/texmf-dist/tex/latex/graphics-cfg/color.cfg
File: color.cfg 2016/01/02 v1.6 sample color configuration
)
Package xcolor Info: Driver file: pdftex.def on input line 227.

(/usr/local/texlive/2023/texmf-dist/tex/latex/graphics/mathcolor.ltx)
Package xcolor Info: Model `cmy' substituted by `cmy0' on input line 1353.
Package xcolor Info: Model `hsb' substituted by `rgb' on input line 1357.
Package xcolor Info: Model `RGB' extended on input line 1369.
Package xcolor Info: Model `HTML' substituted by `rgb' on input line 1371.
Package xcolor Info: Model `Hsb' substituted by `hsb' on input line 1372.
Package xcolor Info: Model `tHsb' substituted by `hsb' on input line 1373.
Package xcolor Info: Model `HSB' substituted by `hsb' on input line 1374.
Package xcolor Info: Model `Gray' substituted by `gray' on input line 1375.
Package xcolor Info: Model `wave' substituted by `hsb' on input line 1376.
))
(/usr/local/texlive/2023/texmf-dist/tex/latex/graphics/graphicx.sty
Package: graphicx 2021/09/16 v1.2d Enhanced LaTeX Graphics (DPC,SPQR)
\Gin@req@height=\dimen145
\Gin@req@width=\dimen146
)
\AM@pagewidth=\dimen147
\AM@pageheight=\dimen148
\AM@fboxrule=\dimen149

(/usr/local/texlive/2023/texmf-dist/tex/latex/pdfpages/pppdftex.def
File: pppdftex.def 2022/12/19 v0.5x Pdfpages driver for pdfTeX (AM)
)
\pdfpages@includegraphics@status=\count196
\AM@pagebox=\box51
\AM@global@opts=\toks17
\AM@pagecnt=\count197
\AM@toc@title=\toks18
\AM@lof@heading=\toks19
\c@AM@survey=\count198
\AM@templatesizebox=\box52
)
(/usr/local/texlive/2023/texmf-dist/tex/latex/caption/subcaption.sty
Package: subcaption 2023/02/19 v1.6 Sub-captions (AR)

(/usr/local/texlive/2023/texmf-dist/tex/latex/caption/caption.sty
Package: caption 2023/03/12 v3.6j Customizing captions (AR)

(/usr/local/texlive/2023/texmf-dist/tex/latex/caption/caption3.sty
Package: caption3 2023/03/12 v2.4 caption3 kernel (AR)
\caption@tempdima=\dimen150
\captionmargin=\dimen151
\caption@leftmargin=\dimen152
\caption@rightmargin=\dimen153
\caption@width=\dimen154
\caption@indent=\dimen155
\caption@parindent=\dimen156
\caption@hangindent=\dimen157
Package caption Info: Standard document class detected.
)
\c@caption@flags=\count199
\c@continuedfloat=\count266
)
Package caption Info: New subtype `subfigure' on input line 239.
\c@subfigure=\count267
Package caption Info: New subtype `subtable' on input line 239.
\c@subtable=\count268
)
(/usr/local/texlive/2023/texmf-dist/tex/latex/colortbl/colortbl.sty
Package: colortbl 2022/06/20 v1.0f Color table columns (DPC)

(/usr/local/texlive/2023/texmf-dist/tex/latex/tools/array.sty
Package: array 2022/09/04 v2.5g Tabular extension package (FMi)
\col@sep=\dimen158
\ar@mcellbox=\box53
\extrarowheight=\dimen159
\NC@list=\toks20
\extratabsurround=\skip62
\backup@length=\skip63
\ar@cellbox=\box54
)
\everycr=\toks21
\minrowclearance=\skip64
\rownum=\count269
)
(/usr/local/texlive/2023/texmf-dist/tex/latex/booktabs/booktabs.sty
Package: booktabs 2020/01/12 v1.61803398 Publication quality tables
\heavyrulewidth=\dimen160
\lightrulewidth=\dimen161
\cmidrulewidth=\dimen162
\belowrulesep=\dimen163
\belowbottomsep=\dimen164
\aboverulesep=\dimen165
\abovetopsep=\dimen166
\cmidrulesep=\dimen167
\cmidrulekern=\dimen168
\defaultaddspace=\dimen169
\@cmidla=\count270
\@cmidlb=\count271
\@aboverulesep=\dimen170
\@belowrulesep=\dimen171
\@thisruleclass=\count272
\@lastruleclass=\count273
\@thisrulewidth=\dimen172
)
(/usr/local/texlive/2023/texmf-dist/tex/latex/l3backend/l3backend-pdftex.def
File: l3backend-pdftex.def 2023-01-16 L3 backend support: PDF output (pdfTeX)
\l__color_backend_stack_int=\count274
\l__pdf_internal_box=\box55
)
(./Report.aux)
\openout1 = `Report.aux'.

LaTeX Font Info:    Checking defaults for OML/cmm/m/it on input line 36.
LaTeX Font Info:    ... okay on input line 36.
LaTeX Font Info:    Checking defaults for OMS/cmsy/m/n on input line 36.
LaTeX Font Info:    ... okay on input line 36.
LaTeX Font Info:    Checking defaults for OT1/cmr/m/n on input line 36.
LaTeX Font Info:    ... okay on input line 36.
LaTeX Font Info:    Checking defaults for T1/cmr/m/n on input line 36.
LaTeX Font Info:    ... okay on input line 36.
LaTeX Font Info:    Checking defaults for TS1/cmr/m/n on input line 36.
LaTeX Font Info:    ... okay on input line 36.
LaTeX Font Info:    Checking defaults for OMX/cmex/m/n on input line 36.
LaTeX Font Info:    ... okay on input line 36.
LaTeX Font Info:    Checking defaults for U/cmr/m/n on input line 36.
LaTeX Font Info:    ... okay on input line 36.

(/usr/local/texlive/2023/texmf-dist/tex/context/base/mkii/supp-pdf.mkii
[Loading MPS to PDF converter (version 2006.09.02).]
\scratchcounter=\count275
\scratchdimen=\dimen173
\scratchbox=\box56
\nofMPsegments=\count276
\nofMParguments=\count277
\everyMPshowfont=\toks22
\MPscratchCnt=\count278
\MPscratchDim=\dimen174
\MPnumerator=\count279
\makeMPintoPDFobject=\count280
\everyMPtoPDFconversion=\toks23
) (/usr/local/texlive/2023/texmf-dist/tex/latex/epstopdf-pkg/epstopdf-base.sty
Package: epstopdf-base 2020-01-24 v2.11 Base part for package epstopdf
Package epstopdf-base Info: Redefining graphics rule for `.eps' on input line 4
85.

(/usr/local/texlive/2023/texmf-dist/tex/latex/latexconfig/epstopdf-sys.cfg
File: epstopdf-sys.cfg 2010/07/13 v1.3 Configuration of (r)epstopdf for TeX Liv
e
))
Package caption Info: Begin \AtBeginDocument code.
Package caption Info: End \AtBeginDocument code.
LaTeX Font Info:    External font `cmex10' loaded for size
(Font)              <12> on input line 38.
LaTeX Font Info:    External font `cmex10' loaded for size
(Font)              <8> on input line 38.
LaTeX Font Info:    External font `cmex10' loaded for size
(Font)              <6> on input line 38.

[1

{/usr/local/texlive/2023/texmf-var/fonts/map/pdftex/updmap/pdftex.map}]
(./Report.toc)
\tf@toc=\write3
\openout3 = `Report.toc'.

 [2

] (./Report.lot
LaTeX Font Info:    External font `cmex10' loaded for size
(Font)              <7> on input line 1.
LaTeX Font Info:    External font `cmex10' loaded for size
(Font)              <5> on input line 1.
)
\tf@lot=\write4
\openout4 = `Report.lot'.

 [3

] (./Report.lof)
\tf@lof=\write5
\openout5 = `Report.lof'.

 [4

] [5

]
<base_model/base_loss.pdf, id=23, 462.52798pt x 346.89601pt>
File: base_model/base_loss.pdf Graphic file (type pdf)
<use base_model/base_loss.pdf>
Package pdftex.def Info: base_model/base_loss.pdf  used on input line 82.
(pdftex.def)             Requested size: 230.0001pt x 172.5pt.
<base_model/base_accuracy.pdf, id=24, 462.52798pt x 346.89601pt>
File: base_model/base_accuracy.pdf Graphic file (type pdf)
<use base_model/base_accuracy.pdf>
Package pdftex.def Info: base_model/base_accuracy.pdf  used on input line 89.
(pdftex.def)             Requested size: 230.0001pt x 172.5pt.
<base_model/base_NNout.pdf, id=25, 462.52798pt x 346.89601pt>
File: base_model/base_NNout.pdf Graphic file (type pdf)
<use base_model/base_NNout.pdf>
Package pdftex.def Info: base_model/base_NNout.pdf  used on input line 97.
(pdftex.def)             Requested size: 230.0001pt x 172.5pt.


LaTeX Warning: Float too large for page by 65.88092pt on input line 103.

[6

] [7 <./base_model/base_loss.pdf> <./base_model/base_accuracy.pdf> <./base_mode
l/base_NNout.pdf>]
<feature selection/feature_num_performance_10k.pdf, id=138, 462.52798pt x 346.8
9601pt>
File: feature selection/feature_num_performance_10k.pdf Graphic file (type pdf)

<use feature selection/feature_num_performance_10k.pdf>
Package pdftex.def Info: feature selection/feature_num_performance_10k.pdf  use
d on input line 131.
(pdftex.def)             Requested size: 276.00105pt x 207.01175pt.
<feature selection/feature_num_performance_30k.pdf, id=139, 462.52798pt x 346.8
9601pt>
File: feature selection/feature_num_performance_30k.pdf Graphic file (type pdf)

<use feature selection/feature_num_performance_30k.pdf>
Package pdftex.def Info: feature selection/feature_num_performance_30k.pdf  use
d on input line 138.
(pdftex.def)             Requested size: 276.00105pt x 207.01175pt.
 [8

] [9 <./feature selection/feature_num_performance_10k.pdf> <./feature selection
/feature_num_performance_30k.pdf>]

LaTeX Warning: No positions in optional float specifier.
               Default added (so using `tbp') on input line 147.


LaTeX Warning: Float too large for page by 58.70323pt on input line 177.

[10]
<feature_comparison/feat-comparison.pdf, id=215, 867.24pt x 1156.32pt>
File: feature_comparison/feat-comparison.pdf Graphic file (type pdf)
<use feature_comparison/feat-comparison.pdf>
Package pdftex.def Info: feature_comparison/feat-comparison.pdf  used on input 
line 185.
(pdftex.def)             Requested size: 345.0pt x 459.99672pt.


LaTeX Warning: No positions in optional float specifier.
               Default added (so using `tbp') on input line 193.

<best_model/best_models.pdf, id=216, 867.24pt x 1156.32pt>
File: best_model/best_models.pdf Graphic file (type pdf)
<use best_model/best_models.pdf>
Package pdftex.def Info: best_model/best_models.pdf  used on input line 237.
(pdftex.def)             Requested size: 345.0pt x 459.99672pt.
<best_model/feature_importances.pdf, id=217, 867.24pt x 1156.32pt>
File: best_model/feature_importances.pdf Graphic file (type pdf)
<use best_model/feature_importances.pdf>
Package pdftex.def Info: best_model/feature_importances.pdf  used on input line
 244.
(pdftex.def)             Requested size: 345.0pt x 459.99672pt.
[11


] [12 <./feature_comparison/feat-comparison.pdf>] [13 <./best_model/best_models
.pdf>] [14 <./best_model/feature_importances.pdf>] [15

]
<base_model/base_model.pdf, id=375, 614.295pt x 794.97pt>
File: base_model/base_model.pdf Graphic file (type pdf)
<use base_model/base_model.pdf>
Package pdftex.def Info: base_model/base_model.pdf  used on input line 268.
(pdftex.def)             Requested size: 614.29349pt x 794.96806pt.
File: base_model/base_model.pdf Graphic file (type pdf)
<use base_model/base_model.pdf>
Package pdftex.def Info: base_model/base_model.pdf  used on input line 268.
(pdftex.def)             Requested size: 614.29349pt x 794.96806pt.
<base_model/base_model.pdf, id=378, page=1, 614.295pt x 794.97pt>
File: base_model/base_model.pdf Graphic file (type pdf)
<use base_model/base_model.pdf, page 1>
Package pdftex.def Info: base_model/base_model.pdf , page1 used on input line 2
68.
(pdftex.def)             Requested size: 614.29349pt x 794.96806pt.
File: base_model/base_model.pdf Graphic file (type pdf)
<use base_model/base_model.pdf, page 1>
Package pdftex.def Info: base_model/base_model.pdf , page1 used on input line 2
68.
(pdftex.def)             Requested size: 614.58406pt x 795.3441pt.
 [16

]
File: base_model/base_model.pdf Graphic file (type pdf)
<use base_model/base_model.pdf, page 1>
Package pdftex.def Info: base_model/base_model.pdf , page1 used on input line 2
68.
(pdftex.def)             Requested size: 614.58406pt x 795.3441pt.
File: base_model/base_model.pdf Graphic file (type pdf)
<use base_model/base_model.pdf, page 1>
Package pdftex.def Info: base_model/base_model.pdf , page1 used on input line 2
68.
(pdftex.def)             Requested size: 614.58406pt x 795.3441pt.
File: base_model/base_model.pdf Graphic file (type pdf)
<use base_model/base_model.pdf, page 1>
Package pdftex.def Info: base_model/base_model.pdf , page1 used on input line 2
68.
(pdftex.def)             Requested size: 614.58406pt x 795.3441pt.
 [17 <./base_model/base_model.pdf>]
<base_model/base_model.pdf, id=410, page=2, 614.295pt x 794.97pt>
File: base_model/base_model.pdf Graphic file (type pdf)
<use base_model/base_model.pdf, page 2>
Package pdftex.def Info: base_model/base_model.pdf , page2 used on input line 2
68.
(pdftex.def)             Requested size: 614.58406pt x 795.3441pt.
File: base_model/base_model.pdf Graphic file (type pdf)
<use base_model/base_model.pdf, page 2>
Package pdftex.def Info: base_model/base_model.pdf , page2 used on input line 2
68.
(pdftex.def)             Requested size: 614.58406pt x 795.3441pt.
File: base_model/base_model.pdf Graphic file (type pdf)
<use base_model/base_model.pdf, page 2>
Package pdftex.def Info: base_model/base_model.pdf , page2 used on input line 2
68.
(pdftex.def)             Requested size: 614.58406pt x 795.3441pt.
 [18 <./base_model/base_model.pdf>]
<base_model/base_model.pdf, id=418, page=3, 614.295pt x 794.97pt>
File: base_model/base_model.pdf Graphic file (type pdf)
<use base_model/base_model.pdf, page 3>
Package pdftex.def Info: base_model/base_model.pdf , page3 used on input line 2
68.
(pdftex.def)             Requested size: 614.58406pt x 795.3441pt.
File: base_model/base_model.pdf Graphic file (type pdf)
<use base_model/base_model.pdf, page 3>
Package pdftex.def Info: base_model/base_model.pdf , page3 used on input line 2
68.
(pdftex.def)             Requested size: 614.58406pt x 795.3441pt.
File: base_model/base_model.pdf Graphic file (type pdf)
<use base_model/base_model.pdf, page 3>
Package pdftex.def Info: base_model/base_model.pdf , page3 used on input line 2
68.
(pdftex.def)             Requested size: 614.58406pt x 795.3441pt.
 [19 <./base_model/base_model.pdf>]
<base_model/base_model.pdf, id=423, page=4, 614.295pt x 794.97pt>
File: base_model/base_model.pdf Graphic file (type pdf)
<use base_model/base_model.pdf, page 4>
Package pdftex.def Info: base_model/base_model.pdf , page4 used on input line 2
68.
(pdftex.def)             Requested size: 614.58406pt x 795.3441pt.
File: base_model/base_model.pdf Graphic file (type pdf)
<use base_model/base_model.pdf, page 4>
Package pdftex.def Info: base_model/base_model.pdf , page4 used on input line 2
68.
(pdftex.def)             Requested size: 614.58406pt x 795.3441pt.
File: base_model/base_model.pdf Graphic file (type pdf)
<use base_model/base_model.pdf, page 4>
Package pdftex.def Info: base_model/base_model.pdf , page4 used on input line 2
68.
(pdftex.def)             Requested size: 614.58406pt x 795.3441pt.
 [20 <./base_model/base_model.pdf>]
<base_model/base_model.pdf, id=472, page=5, 614.295pt x 794.97pt>
File: base_model/base_model.pdf Graphic file (type pdf)
<use base_model/base_model.pdf, page 5>
Package pdftex.def Info: base_model/base_model.pdf , page5 used on input line 2
68.
(pdftex.def)             Requested size: 614.58406pt x 795.3441pt.
File: base_model/base_model.pdf Graphic file (type pdf)
<use base_model/base_model.pdf, page 5>
Package pdftex.def Info: base_model/base_model.pdf , page5 used on input line 2
68.
(pdftex.def)             Requested size: 614.58406pt x 795.3441pt.
File: base_model/base_model.pdf Graphic file (type pdf)
<use base_model/base_model.pdf, page 5>
Package pdftex.def Info: base_model/base_model.pdf , page5 used on input line 2
68.
(pdftex.def)             Requested size: 614.58406pt x 795.3441pt.
 [21 <./base_model/base_model.pdf>]
<base_model/base_model.pdf, id=520, page=6, 614.295pt x 794.97pt>
File: base_model/base_model.pdf Graphic file (type pdf)
<use base_model/base_model.pdf, page 6>
Package pdftex.def Info: base_model/base_model.pdf , page6 used on input line 2
68.
(pdftex.def)             Requested size: 614.58406pt x 795.3441pt.
File: base_model/base_model.pdf Graphic file (type pdf)
<use base_model/base_model.pdf, page 6>
Package pdftex.def Info: base_model/base_model.pdf , page6 used on input line 2
68.
(pdftex.def)             Requested size: 614.58406pt x 795.3441pt.
File: base_model/base_model.pdf Graphic file (type pdf)
<use base_model/base_model.pdf, page 6>
Package pdftex.def Info: base_model/base_model.pdf , page6 used on input line 2
68.
(pdftex.def)             Requested size: 614.58406pt x 795.3441pt.
 [22 <./base_model/base_model.pdf>]
<feature selection/feature_selection.pdf, id=555, 614.295pt x 794.97pt>
File: feature selection/feature_selection.pdf Graphic file (type pdf)
<use feature selection/feature_selection.pdf>
Package pdftex.def Info: feature selection/feature_selection.pdf  used on input
 line 274.
(pdftex.def)             Requested size: 614.29349pt x 794.96806pt.
File: feature selection/feature_selection.pdf Graphic file (type pdf)
<use feature selection/feature_selection.pdf>
Package pdftex.def Info: feature selection/feature_selection.pdf  used on input
 line 274.
(pdftex.def)             Requested size: 614.29349pt x 794.96806pt.
<feature selection/feature_selection.pdf, id=558, page=1, 614.295pt x 794.97pt>

File: feature selection/feature_selection.pdf Graphic file (type pdf)
<use feature selection/feature_selection.pdf, page 1>
Package pdftex.def Info: feature selection/feature_selection.pdf , page1 used o
n input line 274.
(pdftex.def)             Requested size: 614.29349pt x 794.96806pt.
File: feature selection/feature_selection.pdf Graphic file (type pdf)
<use feature selection/feature_selection.pdf, page 1>
Package pdftex.def Info: feature selection/feature_selection.pdf , page1 used o
n input line 274.
(pdftex.def)             Requested size: 614.58406pt x 795.3441pt.
 [23]
File: feature selection/feature_selection.pdf Graphic file (type pdf)
<use feature selection/feature_selection.pdf, page 1>
Package pdftex.def Info: feature selection/feature_selection.pdf , page1 used o
n input line 274.
(pdftex.def)             Requested size: 614.58406pt x 795.3441pt.
File: feature selection/feature_selection.pdf Graphic file (type pdf)
<use feature selection/feature_selection.pdf, page 1>
Package pdftex.def Info: feature selection/feature_selection.pdf , page1 used o
n input line 274.
(pdftex.def)             Requested size: 614.58406pt x 795.3441pt.
File: feature selection/feature_selection.pdf Graphic file (type pdf)
<use feature selection/feature_selection.pdf, page 1>
Package pdftex.def Info: feature selection/feature_selection.pdf , page1 used o
n input line 274.
(pdftex.def)             Requested size: 614.58406pt x 795.3441pt.
 [24 <./feature selection/feature_selection.pdf>]
<feature selection/feature_selection.pdf, id=598, page=2, 614.295pt x 794.97pt>

File: feature selection/feature_selection.pdf Graphic file (type pdf)
<use feature selection/feature_selection.pdf, page 2>
Package pdftex.def Info: feature selection/feature_selection.pdf , page2 used o
n input line 274.
(pdftex.def)             Requested size: 614.58406pt x 795.3441pt.
File: feature selection/feature_selection.pdf Graphic file (type pdf)
<use feature selection/feature_selection.pdf, page 2>
Package pdftex.def Info: feature selection/feature_selection.pdf , page2 used o
n input line 274.
(pdftex.def)             Requested size: 614.58406pt x 795.3441pt.
File: feature selection/feature_selection.pdf Graphic file (type pdf)
<use feature selection/feature_selection.pdf, page 2>
Package pdftex.def Info: feature selection/feature_selection.pdf , page2 used o
n input line 274.
(pdftex.def)             Requested size: 614.58406pt x 795.3441pt.
 [25 <./feature selection/feature_selection.pdf>]
<feature selection/feature_selection.pdf, id=607, page=3, 614.295pt x 794.97pt>

File: feature selection/feature_selection.pdf Graphic file (type pdf)
<use feature selection/feature_selection.pdf, page 3>
Package pdftex.def Info: feature selection/feature_selection.pdf , page3 used o
n input line 274.
(pdftex.def)             Requested size: 614.58406pt x 795.3441pt.
File: feature selection/feature_selection.pdf Graphic file (type pdf)
<use feature selection/feature_selection.pdf, page 3>
Package pdftex.def Info: feature selection/feature_selection.pdf , page3 used o
n input line 274.
(pdftex.def)             Requested size: 614.58406pt x 795.3441pt.
File: feature selection/feature_selection.pdf Graphic file (type pdf)
<use feature selection/feature_selection.pdf, page 3>
Package pdftex.def Info: feature selection/feature_selection.pdf , page3 used o
n input line 274.
(pdftex.def)             Requested size: 614.58406pt x 795.3441pt.
 [26 <./feature selection/feature_selection.pdf>]
<feature selection/feature_selection.pdf, id=617, page=4, 614.295pt x 794.97pt>

File: feature selection/feature_selection.pdf Graphic file (type pdf)
<use feature selection/feature_selection.pdf, page 4>
Package pdftex.def Info: feature selection/feature_selection.pdf , page4 used o
n input line 274.
(pdftex.def)             Requested size: 614.58406pt x 795.3441pt.
File: feature selection/feature_selection.pdf Graphic file (type pdf)
<use feature selection/feature_selection.pdf, page 4>
Package pdftex.def Info: feature selection/feature_selection.pdf , page4 used o
n input line 274.
(pdftex.def)             Requested size: 614.58406pt x 795.3441pt.
File: feature selection/feature_selection.pdf Graphic file (type pdf)
<use feature selection/feature_selection.pdf, page 4>
Package pdftex.def Info: feature selection/feature_selection.pdf , page4 used o
n input line 274.
(pdftex.def)             Requested size: 614.58406pt x 795.3441pt.
 [27 <./feature selection/feature_selection.pdf>]
<feature selection/feature_selection.pdf, id=624, page=5, 614.295pt x 794.97pt>

File: feature selection/feature_selection.pdf Graphic file (type pdf)
<use feature selection/feature_selection.pdf, page 5>
Package pdftex.def Info: feature selection/feature_selection.pdf , page5 used o
n input line 274.
(pdftex.def)             Requested size: 614.58406pt x 795.3441pt.
File: feature selection/feature_selection.pdf Graphic file (type pdf)
<use feature selection/feature_selection.pdf, page 5>
Package pdftex.def Info: feature selection/feature_selection.pdf , page5 used o
n input line 274.
(pdftex.def)             Requested size: 614.58406pt x 795.3441pt.
File: feature selection/feature_selection.pdf Graphic file (type pdf)
<use feature selection/feature_selection.pdf, page 5>
Package pdftex.def Info: feature selection/feature_selection.pdf , page5 used o
n input line 274.
(pdftex.def)             Requested size: 614.58406pt x 795.3441pt.
[28 <./feature selection/feature_selection.pdf>]
<feature selection/feature_selection.pdf, id=628, page=6, 614.295pt x 794.97pt>

File: feature selection/feature_selection.pdf Graphic file (type pdf)
<use feature selection/feature_selection.pdf, page 6>
Package pdftex.def Info: feature selection/feature_selection.pdf , page6 used o
n input line 274.
(pdftex.def)             Requested size: 614.58406pt x 795.3441pt.
File: feature selection/feature_selection.pdf Graphic file (type pdf)
<use feature selection/feature_selection.pdf, page 6>
Package pdftex.def Info: feature selection/feature_selection.pdf , page6 used o
n input line 274.
(pdftex.def)             Requested size: 614.58406pt x 795.3441pt.
File: feature selection/feature_selection.pdf Graphic file (type pdf)
<use feature selection/feature_selection.pdf, page 6>
Package pdftex.def Info: feature selection/feature_selection.pdf , page6 used o
n input line 274.
(pdftex.def)             Requested size: 614.58406pt x 795.3441pt.
 [29 <./feature selection/feature_selection.pdf>]
<feature_comparison/feature_comparison.pdf, id=632, 614.295pt x 794.97pt>
File: feature_comparison/feature_comparison.pdf Graphic file (type pdf)
<use feature_comparison/feature_comparison.pdf>
Package pdftex.def Info: feature_comparison/feature_comparison.pdf  used on inp
ut line 280.
(pdftex.def)             Requested size: 614.29349pt x 794.96806pt.
File: feature_comparison/feature_comparison.pdf Graphic file (type pdf)
<use feature_comparison/feature_comparison.pdf>
Package pdftex.def Info: feature_comparison/feature_comparison.pdf  used on inp
ut line 280.
(pdftex.def)             Requested size: 614.29349pt x 794.96806pt.
<feature_comparison/feature_comparison.pdf, id=635, page=1, 614.295pt x 794.97p
t>
File: feature_comparison/feature_comparison.pdf Graphic file (type pdf)
<use feature_comparison/feature_comparison.pdf, page 1>
Package pdftex.def Info: feature_comparison/feature_comparison.pdf , page1 used
 on input line 280.
(pdftex.def)             Requested size: 614.29349pt x 794.96806pt.
File: feature_comparison/feature_comparison.pdf Graphic file (type pdf)
<use feature_comparison/feature_comparison.pdf, page 1>
Package pdftex.def Info: feature_comparison/feature_comparison.pdf , page1 used
 on input line 280.
(pdftex.def)             Requested size: 614.58406pt x 795.3441pt.
 [30]
File: feature_comparison/feature_comparison.pdf Graphic file (type pdf)
<use feature_comparison/feature_comparison.pdf, page 1>
Package pdftex.def Info: feature_comparison/feature_comparison.pdf , page1 used
 on input line 280.
(pdftex.def)             Requested size: 614.58406pt x 795.3441pt.
File: feature_comparison/feature_comparison.pdf Graphic file (type pdf)
<use feature_comparison/feature_comparison.pdf, page 1>
Package pdftex.def Info: feature_comparison/feature_comparison.pdf , page1 used
 on input line 280.
(pdftex.def)             Requested size: 614.58406pt x 795.3441pt.
File: feature_comparison/feature_comparison.pdf Graphic file (type pdf)
<use feature_comparison/feature_comparison.pdf, page 1>
Package pdftex.def Info: feature_comparison/feature_comparison.pdf , page1 used
 on input line 280.
(pdftex.def)             Requested size: 614.58406pt x 795.3441pt.
 [31 <./feature_comparison/feature_comparison.pdf>]
<feature_comparison/feature_comparison.pdf, id=668, page=2, 614.295pt x 794.97p
t>
File: feature_comparison/feature_comparison.pdf Graphic file (type pdf)
<use feature_comparison/feature_comparison.pdf, page 2>
Package pdftex.def Info: feature_comparison/feature_comparison.pdf , page2 used
 on input line 280.
(pdftex.def)             Requested size: 614.58406pt x 795.3441pt.
File: feature_comparison/feature_comparison.pdf Graphic file (type pdf)
<use feature_comparison/feature_comparison.pdf, page 2>
Package pdftex.def Info: feature_comparison/feature_comparison.pdf , page2 used
 on input line 280.
(pdftex.def)             Requested size: 614.58406pt x 795.3441pt.
File: feature_comparison/feature_comparison.pdf Graphic file (type pdf)
<use feature_comparison/feature_comparison.pdf, page 2>
Package pdftex.def Info: feature_comparison/feature_comparison.pdf , page2 used
 on input line 280.
(pdftex.def)             Requested size: 614.58406pt x 795.3441pt.

[32 <./feature_comparison/feature_comparison.pdf>]
<feature_comparison/feature_comparison.pdf, id=676, page=3, 614.295pt x 794.97p
t>
File: feature_comparison/feature_comparison.pdf Graphic file (type pdf)
<use feature_comparison/feature_comparison.pdf, page 3>
Package pdftex.def Info: feature_comparison/feature_comparison.pdf , page3 used
 on input line 280.
(pdftex.def)             Requested size: 614.58406pt x 795.3441pt.
File: feature_comparison/feature_comparison.pdf Graphic file (type pdf)
<use feature_comparison/feature_comparison.pdf, page 3>
Package pdftex.def Info: feature_comparison/feature_comparison.pdf , page3 used
 on input line 280.
(pdftex.def)             Requested size: 614.58406pt x 795.3441pt.
File: feature_comparison/feature_comparison.pdf Graphic file (type pdf)
<use feature_comparison/feature_comparison.pdf, page 3>
Package pdftex.def Info: feature_comparison/feature_comparison.pdf , page3 used
 on input line 280.
(pdftex.def)             Requested size: 614.58406pt x 795.3441pt.
 [33 <./feature_comparison/feature_comparison.pdf>]
<feature_comparison/feature_comparison.pdf, id=680, page=4, 614.295pt x 794.97p
t>
File: feature_comparison/feature_comparison.pdf Graphic file (type pdf)
<use feature_comparison/feature_comparison.pdf, page 4>
Package pdftex.def Info: feature_comparison/feature_comparison.pdf , page4 used
 on input line 280.
(pdftex.def)             Requested size: 614.58406pt x 795.3441pt.
File: feature_comparison/feature_comparison.pdf Graphic file (type pdf)
<use feature_comparison/feature_comparison.pdf, page 4>
Package pdftex.def Info: feature_comparison/feature_comparison.pdf , page4 used
 on input line 280.
(pdftex.def)             Requested size: 614.58406pt x 795.3441pt.
File: feature_comparison/feature_comparison.pdf Graphic file (type pdf)
<use feature_comparison/feature_comparison.pdf, page 4>
Package pdftex.def Info: feature_comparison/feature_comparison.pdf , page4 used
 on input line 280.
(pdftex.def)             Requested size: 614.58406pt x 795.3441pt.
 [34 <./feature_comparison/feature_comparison.pdf>]
<feature_comparison/feature_comparison.pdf, id=684, page=5, 614.295pt x 794.97p
t>
File: feature_comparison/feature_comparison.pdf Graphic file (type pdf)
<use feature_comparison/feature_comparison.pdf, page 5>
Package pdftex.def Info: feature_comparison/feature_comparison.pdf , page5 used
 on input line 280.
(pdftex.def)             Requested size: 614.58406pt x 795.3441pt.
File: feature_comparison/feature_comparison.pdf Graphic file (type pdf)
<use feature_comparison/feature_comparison.pdf, page 5>
Package pdftex.def Info: feature_comparison/feature_comparison.pdf , page5 used
 on input line 280.
(pdftex.def)             Requested size: 614.58406pt x 795.3441pt.
File: feature_comparison/feature_comparison.pdf Graphic file (type pdf)
<use feature_comparison/feature_comparison.pdf, page 5>
Package pdftex.def Info: feature_comparison/feature_comparison.pdf , page5 used
 on input line 280.
(pdftex.def)             Requested size: 614.58406pt x 795.3441pt.

[35 <./feature_comparison/feature_comparison.pdf>]
<feature_comparison/feature_comparison.pdf, id=688, page=6, 614.295pt x 794.97p
t>
File: feature_comparison/feature_comparison.pdf Graphic file (type pdf)
<use feature_comparison/feature_comparison.pdf, page 6>
Package pdftex.def Info: feature_comparison/feature_comparison.pdf , page6 used
 on input line 280.
(pdftex.def)             Requested size: 614.58406pt x 795.3441pt.
File: feature_comparison/feature_comparison.pdf Graphic file (type pdf)
<use feature_comparison/feature_comparison.pdf, page 6>
Package pdftex.def Info: feature_comparison/feature_comparison.pdf , page6 used
 on input line 280.
(pdftex.def)             Requested size: 614.58406pt x 795.3441pt.
File: feature_comparison/feature_comparison.pdf Graphic file (type pdf)
<use feature_comparison/feature_comparison.pdf, page 6>
Package pdftex.def Info: feature_comparison/feature_comparison.pdf , page6 used
 on input line 280.
(pdftex.def)             Requested size: 614.58406pt x 795.3441pt.
 [36 <./feature_comparison/feature_comparison.pdf>]
<feature_comparison/feature_comparison.pdf, id=692, page=7, 614.295pt x 794.97p
t>
File: feature_comparison/feature_comparison.pdf Graphic file (type pdf)
<use feature_comparison/feature_comparison.pdf, page 7>
Package pdftex.def Info: feature_comparison/feature_comparison.pdf , page7 used
 on input line 280.
(pdftex.def)             Requested size: 614.58406pt x 795.3441pt.
File: feature_comparison/feature_comparison.pdf Graphic file (type pdf)
<use feature_comparison/feature_comparison.pdf, page 7>
Package pdftex.def Info: feature_comparison/feature_comparison.pdf , page7 used
 on input line 280.
(pdftex.def)             Requested size: 614.58406pt x 795.3441pt.
File: feature_comparison/feature_comparison.pdf Graphic file (type pdf)
<use feature_comparison/feature_comparison.pdf, page 7>
Package pdftex.def Info: feature_comparison/feature_comparison.pdf , page7 used
 on input line 280.
(pdftex.def)             Requested size: 614.58406pt x 795.3441pt.
 [37 <./feature_comparison/feature_comparison.pdf>]
<feature_comparison/feature_comparison.pdf, id=697, page=8, 614.295pt x 794.97p
t>
File: feature_comparison/feature_comparison.pdf Graphic file (type pdf)
<use feature_comparison/feature_comparison.pdf, page 8>
Package pdftex.def Info: feature_comparison/feature_comparison.pdf , page8 used
 on input line 280.
(pdftex.def)             Requested size: 614.58406pt x 795.3441pt.
File: feature_comparison/feature_comparison.pdf Graphic file (type pdf)
<use feature_comparison/feature_comparison.pdf, page 8>
Package pdftex.def Info: feature_comparison/feature_comparison.pdf , page8 used
 on input line 280.
(pdftex.def)             Requested size: 614.58406pt x 795.3441pt.
File: feature_comparison/feature_comparison.pdf Graphic file (type pdf)
<use feature_comparison/feature_comparison.pdf, page 8>
Package pdftex.def Info: feature_comparison/feature_comparison.pdf , page8 used
 on input line 280.
(pdftex.def)             Requested size: 614.58406pt x 795.3441pt.

[38 <./feature_comparison/feature_comparison.pdf>]
<model_selection/model_selection.pdf, id=705, 614.295pt x 794.97pt>
File: model_selection/model_selection.pdf Graphic file (type pdf)
<use model_selection/model_selection.pdf>
Package pdftex.def Info: model_selection/model_selection.pdf  used on input lin
e 286.
(pdftex.def)             Requested size: 614.29349pt x 794.96806pt.
File: model_selection/model_selection.pdf Graphic file (type pdf)
<use model_selection/model_selection.pdf>
Package pdftex.def Info: model_selection/model_selection.pdf  used on input lin
e 286.
(pdftex.def)             Requested size: 614.29349pt x 794.96806pt.
<model_selection/model_selection.pdf, id=708, page=1, 614.295pt x 794.97pt>
File: model_selection/model_selection.pdf Graphic file (type pdf)
<use model_selection/model_selection.pdf, page 1>
Package pdftex.def Info: model_selection/model_selection.pdf , page1 used on in
put line 286.
(pdftex.def)             Requested size: 614.29349pt x 794.96806pt.
File: model_selection/model_selection.pdf Graphic file (type pdf)
<use model_selection/model_selection.pdf, page 1>
Package pdftex.def Info: model_selection/model_selection.pdf , page1 used on in
put line 286.
(pdftex.def)             Requested size: 614.58406pt x 795.3441pt.
 [39]
File: model_selection/model_selection.pdf Graphic file (type pdf)
<use model_selection/model_selection.pdf, page 1>
Package pdftex.def Info: model_selection/model_selection.pdf , page1 used on in
put line 286.
(pdftex.def)             Requested size: 614.58406pt x 795.3441pt.
File: model_selection/model_selection.pdf Graphic file (type pdf)
<use model_selection/model_selection.pdf, page 1>
Package pdftex.def Info: model_selection/model_selection.pdf , page1 used on in
put line 286.
(pdftex.def)             Requested size: 614.58406pt x 795.3441pt.
File: model_selection/model_selection.pdf Graphic file (type pdf)
<use model_selection/model_selection.pdf, page 1>
Package pdftex.def Info: model_selection/model_selection.pdf , page1 used on in
put line 286.
(pdftex.def)             Requested size: 614.58406pt x 795.3441pt.
 [40 <./model_selection/model_selection.pdf>]
<model_selection/model_selection.pdf, id=740, page=2, 614.295pt x 794.97pt>
File: model_selection/model_selection.pdf Graphic file (type pdf)
<use model_selection/model_selection.pdf, page 2>
Package pdftex.def Info: model_selection/model_selection.pdf , page2 used on in
put line 286.
(pdftex.def)             Requested size: 614.58406pt x 795.3441pt.
File: model_selection/model_selection.pdf Graphic file (type pdf)
<use model_selection/model_selection.pdf, page 2>
Package pdftex.def Info: model_selection/model_selection.pdf , page2 used on in
put line 286.
(pdftex.def)             Requested size: 614.58406pt x 795.3441pt.
File: model_selection/model_selection.pdf Graphic file (type pdf)
<use model_selection/model_selection.pdf, page 2>
Package pdftex.def Info: model_selection/model_selection.pdf , page2 used on in
put line 286.
(pdftex.def)             Requested size: 614.58406pt x 795.3441pt.
 [41 <./model_selection/model_selection.pdf>]
<model_selection/model_selection.pdf, id=748, page=3, 614.295pt x 794.97pt>
File: model_selection/model_selection.pdf Graphic file (type pdf)
<use model_selection/model_selection.pdf, page 3>
Package pdftex.def Info: model_selection/model_selection.pdf , page3 used on in
put line 286.
(pdftex.def)             Requested size: 614.58406pt x 795.3441pt.
File: model_selection/model_selection.pdf Graphic file (type pdf)
<use model_selection/model_selection.pdf, page 3>
Package pdftex.def Info: model_selection/model_selection.pdf , page3 used on in
put line 286.
(pdftex.def)             Requested size: 614.58406pt x 795.3441pt.
File: model_selection/model_selection.pdf Graphic file (type pdf)
<use model_selection/model_selection.pdf, page 3>
Package pdftex.def Info: model_selection/model_selection.pdf , page3 used on in
put line 286.
(pdftex.def)             Requested size: 614.58406pt x 795.3441pt.
 [42 <./model_selection/model_selection.pdf>]
<model_selection/model_selection.pdf, id=752, page=4, 614.295pt x 794.97pt>
File: model_selection/model_selection.pdf Graphic file (type pdf)
<use model_selection/model_selection.pdf, page 4>
Package pdftex.def Info: model_selection/model_selection.pdf , page4 used on in
put line 286.
(pdftex.def)             Requested size: 614.58406pt x 795.3441pt.
File: model_selection/model_selection.pdf Graphic file (type pdf)
<use model_selection/model_selection.pdf, page 4>
Package pdftex.def Info: model_selection/model_selection.pdf , page4 used on in
put line 286.
(pdftex.def)             Requested size: 614.58406pt x 795.3441pt.
File: model_selection/model_selection.pdf Graphic file (type pdf)
<use model_selection/model_selection.pdf, page 4>
Package pdftex.def Info: model_selection/model_selection.pdf , page4 used on in
put line 286.
(pdftex.def)             Requested size: 614.58406pt x 795.3441pt.
 [43 <./model_selection/model_selection.pdf>]
<best_model/best_models_code.pdf, id=757, 614.295pt x 794.97pt>
File: best_model/best_models_code.pdf Graphic file (type pdf)
<use best_model/best_models_code.pdf>
Package pdftex.def Info: best_model/best_models_code.pdf  used on input line 29
1.
(pdftex.def)             Requested size: 614.29349pt x 794.96806pt.
File: best_model/best_models_code.pdf Graphic file (type pdf)
<use best_model/best_models_code.pdf>
Package pdftex.def Info: best_model/best_models_code.pdf  used on input line 29
1.
(pdftex.def)             Requested size: 614.29349pt x 794.96806pt.
<best_model/best_models_code.pdf, id=760, page=1, 614.295pt x 794.97pt>
File: best_model/best_models_code.pdf Graphic file (type pdf)
<use best_model/best_models_code.pdf, page 1>
Package pdftex.def Info: best_model/best_models_code.pdf , page1 used on input 
line 291.
(pdftex.def)             Requested size: 614.29349pt x 794.96806pt.
File: best_model/best_models_code.pdf Graphic file (type pdf)
<use best_model/best_models_code.pdf, page 1>
Package pdftex.def Info: best_model/best_models_code.pdf , page1 used on input 
line 291.
(pdftex.def)             Requested size: 614.58406pt x 795.3441pt.

[44]
File: best_model/best_models_code.pdf Graphic file (type pdf)
<use best_model/best_models_code.pdf, page 1>
Package pdftex.def Info: best_model/best_models_code.pdf , page1 used on input 
line 291.
(pdftex.def)             Requested size: 614.58406pt x 795.3441pt.
File: best_model/best_models_code.pdf Graphic file (type pdf)
<use best_model/best_models_code.pdf, page 1>
Package pdftex.def Info: best_model/best_models_code.pdf , page1 used on input 
line 291.
(pdftex.def)             Requested size: 614.58406pt x 795.3441pt.
File: best_model/best_models_code.pdf Graphic file (type pdf)
<use best_model/best_models_code.pdf, page 1>
Package pdftex.def Info: best_model/best_models_code.pdf , page1 used on input 
line 291.
(pdftex.def)             Requested size: 614.58406pt x 795.3441pt.
 [45 <./best_model/best_models_code.pdf>]
<best_model/best_models_code.pdf, id=796, page=2, 614.295pt x 794.97pt>
File: best_model/best_models_code.pdf Graphic file (type pdf)
<use best_model/best_models_code.pdf, page 2>
Package pdftex.def Info: best_model/best_models_code.pdf , page2 used on input 
line 291.
(pdftex.def)             Requested size: 614.58406pt x 795.3441pt.
File: best_model/best_models_code.pdf Graphic file (type pdf)
<use best_model/best_models_code.pdf, page 2>
Package pdftex.def Info: best_model/best_models_code.pdf , page2 used on input 
line 291.
(pdftex.def)             Requested size: 614.58406pt x 795.3441pt.
File: best_model/best_models_code.pdf Graphic file (type pdf)
<use best_model/best_models_code.pdf, page 2>
Package pdftex.def Info: best_model/best_models_code.pdf , page2 used on input 
line 291.
(pdftex.def)             Requested size: 614.58406pt x 795.3441pt.
 [46 <./best_model/best_models_code.pdf>]
<best_model/best_models_code.pdf, id=800, page=3, 614.295pt x 794.97pt>
File: best_model/best_models_code.pdf Graphic file (type pdf)
<use best_model/best_models_code.pdf, page 3>
Package pdftex.def Info: best_model/best_models_code.pdf , page3 used on input 
line 291.
(pdftex.def)             Requested size: 614.58406pt x 795.3441pt.
File: best_model/best_models_code.pdf Graphic file (type pdf)
<use best_model/best_models_code.pdf, page 3>
Package pdftex.def Info: best_model/best_models_code.pdf , page3 used on input 
line 291.
(pdftex.def)             Requested size: 614.58406pt x 795.3441pt.
File: best_model/best_models_code.pdf Graphic file (type pdf)
<use best_model/best_models_code.pdf, page 3>
Package pdftex.def Info: best_model/best_models_code.pdf , page3 used on input 
line 291.
(pdftex.def)             Requested size: 614.58406pt x 795.3441pt.
 [47 <./best_model/best_models_code.pdf>]
<best_model/best_models_code.pdf, id=804, page=4, 614.295pt x 794.97pt>
File: best_model/best_models_code.pdf Graphic file (type pdf)
<use best_model/best_models_code.pdf, page 4>
Package pdftex.def Info: best_model/best_models_code.pdf , page4 used on input 
line 291.
(pdftex.def)             Requested size: 614.58406pt x 795.3441pt.
File: best_model/best_models_code.pdf Graphic file (type pdf)
<use best_model/best_models_code.pdf, page 4>
Package pdftex.def Info: best_model/best_models_code.pdf , page4 used on input 
line 291.
(pdftex.def)             Requested size: 614.58406pt x 795.3441pt.
File: best_model/best_models_code.pdf Graphic file (type pdf)
<use best_model/best_models_code.pdf, page 4>
Package pdftex.def Info: best_model/best_models_code.pdf , page4 used on input 
line 291.
(pdftex.def)             Requested size: 614.58406pt x 795.3441pt.
 [48 <./best_model/best_models_code.pdf>]
<best_model/best_models_code.pdf, id=808, page=5, 614.295pt x 794.97pt>
File: best_model/best_models_code.pdf Graphic file (type pdf)
<use best_model/best_models_code.pdf, page 5>
Package pdftex.def Info: best_model/best_models_code.pdf , page5 used on input 
line 291.
(pdftex.def)             Requested size: 614.58406pt x 795.3441pt.
File: best_model/best_models_code.pdf Graphic file (type pdf)
<use best_model/best_models_code.pdf, page 5>
Package pdftex.def Info: best_model/best_models_code.pdf , page5 used on input 
line 291.
(pdftex.def)             Requested size: 614.58406pt x 795.3441pt.
File: best_model/best_models_code.pdf Graphic file (type pdf)
<use best_model/best_models_code.pdf, page 5>
Package pdftex.def Info: best_model/best_models_code.pdf , page5 used on input 
line 291.
(pdftex.def)             Requested size: 614.58406pt x 795.3441pt.
 [49 <./best_model/best_models_code.pdf>]
<best_model/best_models_code.pdf, id=813, page=6, 614.295pt x 794.97pt>
File: best_model/best_models_code.pdf Graphic file (type pdf)
<use best_model/best_models_code.pdf, page 6>
Package pdftex.def Info: best_model/best_models_code.pdf , page6 used on input 
line 291.
(pdftex.def)             Requested size: 614.58406pt x 795.3441pt.
File: best_model/best_models_code.pdf Graphic file (type pdf)
<use best_model/best_models_code.pdf, page 6>
Package pdftex.def Info: best_model/best_models_code.pdf , page6 used on input 
line 291.
(pdftex.def)             Requested size: 614.58406pt x 795.3441pt.
File: best_model/best_models_code.pdf Graphic file (type pdf)
<use best_model/best_models_code.pdf, page 6>
Package pdftex.def Info: best_model/best_models_code.pdf , page6 used on input 
line 291.
(pdftex.def)             Requested size: 614.58406pt x 795.3441pt.
 [50 <./best_model/best_models_code.pdf>]
<best_model/best_models_code.pdf, id=817, page=7, 614.295pt x 794.97pt>
File: best_model/best_models_code.pdf Graphic file (type pdf)
<use best_model/best_models_code.pdf, page 7>
Package pdftex.def Info: best_model/best_models_code.pdf , page7 used on input 
line 291.
(pdftex.def)             Requested size: 614.58406pt x 795.3441pt.
File: best_model/best_models_code.pdf Graphic file (type pdf)
<use best_model/best_models_code.pdf, page 7>
Package pdftex.def Info: best_model/best_models_code.pdf , page7 used on input 
line 291.
(pdftex.def)             Requested size: 614.58406pt x 795.3441pt.
File: best_model/best_models_code.pdf Graphic file (type pdf)
<use best_model/best_models_code.pdf, page 7>
Package pdftex.def Info: best_model/best_models_code.pdf , page7 used on input 
line 291.
(pdftex.def)             Requested size: 614.58406pt x 795.3441pt.
 [51 <./best_model/best_models_code.pdf>]
<best_model/best_models_code.pdf, id=821, page=8, 614.295pt x 794.97pt>
File: best_model/best_models_code.pdf Graphic file (type pdf)
<use best_model/best_models_code.pdf, page 8>
Package pdftex.def Info: best_model/best_models_code.pdf , page8 used on input 
line 291.
(pdftex.def)             Requested size: 614.58406pt x 795.3441pt.
File: best_model/best_models_code.pdf Graphic file (type pdf)
<use best_model/best_models_code.pdf, page 8>
Package pdftex.def Info: best_model/best_models_code.pdf , page8 used on input 
line 291.
(pdftex.def)             Requested size: 614.58406pt x 795.3441pt.
File: best_model/best_models_code.pdf Graphic file (type pdf)
<use best_model/best_models_code.pdf, page 8>
Package pdftex.def Info: best_model/best_models_code.pdf , page8 used on input 
line 291.
(pdftex.def)             Requested size: 614.58406pt x 795.3441pt.
 [52 <./best_model/best_models_code.pdf>]
<best_model/best_models_code.pdf, id=825, page=9, 614.295pt x 794.97pt>
File: best_model/best_models_code.pdf Graphic file (type pdf)
<use best_model/best_models_code.pdf, page 9>
Package pdftex.def Info: best_model/best_models_code.pdf , page9 used on input 
line 291.
(pdftex.def)             Requested size: 614.58406pt x 795.3441pt.
File: best_model/best_models_code.pdf Graphic file (type pdf)
<use best_model/best_models_code.pdf, page 9>
Package pdftex.def Info: best_model/best_models_code.pdf , page9 used on input 
line 291.
(pdftex.def)             Requested size: 614.58406pt x 795.3441pt.
File: best_model/best_models_code.pdf Graphic file (type pdf)
<use best_model/best_models_code.pdf, page 9>
Package pdftex.def Info: best_model/best_models_code.pdf , page9 used on input 
line 291.
(pdftex.def)             Requested size: 614.58406pt x 795.3441pt.
 [53 <./best_model/best_models_code.pdf>]
<best_model/best_models_code.pdf, id=829, page=10, 614.295pt x 794.97pt>
File: best_model/best_models_code.pdf Graphic file (type pdf)
<use best_model/best_models_code.pdf, page 10>
Package pdftex.def Info: best_model/best_models_code.pdf , page10 used on input
 line 291.
(pdftex.def)             Requested size: 614.58406pt x 795.3441pt.
File: best_model/best_models_code.pdf Graphic file (type pdf)
<use best_model/best_models_code.pdf, page 10>
Package pdftex.def Info: best_model/best_models_code.pdf , page10 used on input
 line 291.
(pdftex.def)             Requested size: 614.58406pt x 795.3441pt.
File: best_model/best_models_code.pdf Graphic file (type pdf)
<use best_model/best_models_code.pdf, page 10>
Package pdftex.def Info: best_model/best_models_code.pdf , page10 used on input
 line 291.
(pdftex.def)             Requested size: 614.58406pt x 795.3441pt.
 [54 <./best_model/best_models_code.pdf>]
<best_model/best_models_code.pdf, id=836, page=11, 614.295pt x 794.97pt>
File: best_model/best_models_code.pdf Graphic file (type pdf)
<use best_model/best_models_code.pdf, page 11>
Package pdftex.def Info: best_model/best_models_code.pdf , page11 used on input
 line 291.
(pdftex.def)             Requested size: 614.58406pt x 795.3441pt.
File: best_model/best_models_code.pdf Graphic file (type pdf)
<use best_model/best_models_code.pdf, page 11>
Package pdftex.def Info: best_model/best_models_code.pdf , page11 used on input
 line 291.
(pdftex.def)             Requested size: 614.58406pt x 795.3441pt.
File: best_model/best_models_code.pdf Graphic file (type pdf)
<use best_model/best_models_code.pdf, page 11>
Package pdftex.def Info: best_model/best_models_code.pdf , page11 used on input
 line 291.
(pdftex.def)             Requested size: 614.58406pt x 795.3441pt.
 [55 <./best_model/best_models_code.pdf>] (./Report.aux) ) 
Here is how much of TeX's memory you used:
 4877 strings out of 476025
 89767 string characters out of 5790016
 1872388 words of memory out of 5000000
 25268 multiletter control sequences out of 15000+600000
 516534 words of font info for 46 fonts, out of 8000000 for 9000
 1141 hyphenation exceptions out of 8191
 89i,18n,92p,805b,496s stack positions out of 10000i,1000n,20000p,200000b,200000s
</usr/local/texlive/2
023/texmf-dist/fonts/type1/public/amsfonts/cm/cmbx10.pfb></usr/local/texlive/20
23/texmf-dist/fonts/type1/public/amsfonts/cm/cmbx12.pfb></usr/local/texlive/202
3/texmf-dist/fonts/type1/public/amsfonts/cm/cmmi5.pfb></usr/local/texlive/2023/
texmf-dist/fonts/type1/public/amsfonts/cm/cmmi6.pfb></usr/local/texlive/2023/te
xmf-dist/fonts/type1/public/amsfonts/cm/cmr10.pfb></usr/local/texlive/2023/texm
f-dist/fonts/type1/public/amsfonts/cm/cmr12.pfb></usr/local/texlive/2023/texmf-
dist/fonts/type1/public/amsfonts/cm/cmr17.pfb></usr/local/texlive/2023/texmf-di
st/fonts/type1/public/amsfonts/cm/cmr9.pfb></usr/local/texlive/2023/texmf-dist/
fonts/type1/public/amsfonts/cm/cmsy5.pfb></usr/local/texlive/2023/texmf-dist/fo
nts/type1/public/amsfonts/cm/cmsy6.pfb></usr/local/texlive/2023/texmf-dist/font
s/type1/public/cm-super/sfbx1440.pfb></usr/local/texlive/2023/texmf-dist/fonts/
type1/public/cm-super/sfit1000.pfb></usr/local/texlive/2023/texmf-dist/fonts/ty
pe1/public/cm-super/sfit1095.pfb></usr/local/texlive/2023/texmf-dist/fonts/type
1/public/cm-super/sfrm1000.pfb></usr/local/texlive/2023/texmf-dist/fonts/type1/
public/cm-super/sfrm1095.pfb></usr/local/texlive/2023/texmf-dist/fonts/type1/pu
blic/cm-super/sftt1000.pfb></usr/local/texlive/2023/texmf-dist/fonts/type1/publ
ic/cm-super/sftt1095.pfb>
Output written on Report.pdf (55 pages, 927882 bytes).
PDF statistics:
 885 PDF objects out of 1000 (max. 8388607)
 336 compressed objects within 4 object streams
 0 named destinations out of 1000 (max. 500000)
 291 words of extra memory for PDF output out of 10000 (max. 10000000)

